[2025-04-03 07:16:48] INFO: 	Acaba de entrar el usuario jesus, que es USUARIO 
[2025-04-03 07:16:48] INFO: 	Acaba de entrar el usuario jesus, que es USUARIO 
[2025-04-03 07:17:12] INFO: 	Acaba de entrar el usuario jesus, que es USUARIO 
[2025-04-03 07:17:12] INFO: 	Acaba de entrar el usuario jesus, que es USUARIO 
[2025-04-03 07:20:01] INFO: 	Acaba de entrar el usuario jesus, que es USUARIO 
[2025-04-03 07:20:01] INFO: 	Acaba de entrar el usuario jesus, que es USUARIO 
[2025-04-03 07:20:10] INFO: 	Acaba de entrar el usuario jesus, que es USUARIO 
[2025-04-03 07:20:10] INFO: 	Acaba de entrar el usuario jesus, que es USUARIO 
[2025-04-03 07:41:19] INFO: 	Acaba de entrar el usuario jesus, que es USUARIO 
[2025-04-03 07:41:23] INFO: 	Acaba de entrar el usuario jesus, que es USUARIO 
[2025-04-03 07:48:01] INFO: 	Acaba de entrar el usuario jesus, que es USUARIO 
[2025-04-03 07:48:01] INFO: 	Acaba de entrar el usuario jesus, que es USUARIO 
[2025-04-03 07:48:13] INFO: 	Acaba de entrar el usuario jesus, que es USUARIO 
[2025-04-03 07:48:13] INFO: 	Acaba de entrar el usuario jesus, que es USUARIO 
[2025-04-03 07:48:15] INFO: 	Acaba de entrar el usuario jesus, que es USUARIO 
[2025-04-03 07:48:15] INFO: 	Acaba de entrar el usuario jesus, que es USUARIO 
[2025-04-03 07:48:18] INFO: 	Acaba de entrar el usuario jesus, que es USUARIO 
[2025-04-03 07:48:18] INFO: 	Acaba de entrar el usuario jesus, que es USUARIO 
[2025-04-03 07:48:36] INFO: 	Acaba de entrar el usuario jesus, que es USUARIO 
[2025-04-03 07:48:36] INFO: 	Acaba de entrar el usuario jesus, que es USUARIO 
[2025-04-03 07:49:42] INFO: 	Acaba de entrar el usuario jesus, que es USUARIO 
[2025-05-25 09:57:04] ERROR: 	Error en /api/obras: ReferenceError: prisma is not defined
[2025-05-25 09:58:33] ERROR: 	Error en /api/obras/cuantas
[2025-05-25 11:20:44] ERROR: 	Error en /api/obras: PrismaClientKnownRequestError: 
Invalid `prisma.obra.findMany()` invocation:


Can't reach database server at `localhost:5432`

Please make sure your database server is running at `localhost:5432`.
[2025-05-28 10:18:44] ERROR: 	Error en /api/obras: PrismaClientInitializationError: 
Invalid `prisma.obra.findMany()` invocation:


Can't reach database server at `localhost:5432`

Please make sure your database server is running at `localhost:5432`.
[2025-05-28 11:23:37] ERROR: 	Error en /api/obras: PrismaClientKnownRequestError: 
Invalid `prisma.obra.findMany()` invocation:


Can't reach database server at `localhost:5432`

Please make sure your database server is running at `localhost:5432`.
[2025-05-28 01:41:38] ERROR: 	Error en /api/obras: PrismaClientKnownRequestError: 
Invalid `prisma.obra.findMany()` invocation:


Can't reach database server at `localhost:5432`

Please make sure your database server is running at `localhost:5432`.
